{"level":"info","msg":"Logger initialized","time":"2025-11-12T13:27:32+07:00"}
{"level":"info","msg":"Connected to PostgreSQL Success","time":"2025-11-12T13:27:32+07:00"}
{"level":"info","msg":"Logger initialized","time":"2025-11-12T13:55:22+07:00"}
{"level":"info","msg":"Connected to PostgreSQL Success","time":"2025-11-12T13:55:22+07:00"}
{"level":"info","msg":"User logged in successfully:stewi2khome","time":"2025-11-12T13:56:35+07:00"}
{"level":"info","msg":"Logger initialized","time":"2025-11-12T14:01:32+07:00"}
{"level":"info","msg":"Connected to PostgreSQL Success","time":"2025-11-12T14:01:32+07:00"}
{"level":"info","msg":"Authenticated user_id:5","time":"2025-11-12T14:01:38+07:00"}
{"level":"info","msg":"Logger initialized","time":"2025-11-12T14:02:14+07:00"}
{"level":"info","msg":"Connected to PostgreSQL Success","time":"2025-11-12T14:02:14+07:00"}
{"level":"info","msg":"Authenticated user_id:5","time":"2025-11-12T14:02:21+07:00"}
{"level":"info","msg":"User logged in successfully:stewi2kstudy","time":"2025-11-12T14:02:32+07:00"}
{"level":"info","msg":"Authenticated user_id:6","time":"2025-11-12T14:02:38+07:00"}
{"level":"info","msg":"Logger initialized","time":"2025-11-12T14:02:57+07:00"}
{"level":"info","msg":"Connected to PostgreSQL Success","time":"2025-11-12T14:02:57+07:00"}
{"level":"info","msg":"Logger initialized","time":"2025-11-12T14:05:27+07:00"}
{"level":"info","msg":"Connected to PostgreSQL Success","time":"2025-11-12T14:05:27+07:00"}
{"level":"info","msg":"JWTAuth - user authenticated successfully (user_id=6, path=/user/profile, method=GET)","time":"2025-11-12T14:05:33+07:00"}
{"level":"info","msg":"User logged in successfully:stewi2kstudy","time":"2025-11-12T14:05:46+07:00"}
{"level":"info","msg":"Logger initialized","time":"2025-11-12T14:16:44+07:00"}
{"level":"info","msg":"Connected to PostgreSQL Success","time":"2025-11-12T14:16:44+07:00"}
{"level":"info","msg":"JWTAuth - user authenticated successfully (user_id=6, path=/transaction/, method=POST)","time":"2025-11-12T14:17:15+07:00"}
{"level":"error","msg":"Invalid transaction input : json: cannot unmarshal string into Go struct field Transaction.user_id of type uint","time":"2025-11-12T14:17:15+07:00"}
{"level":"info","msg":"JWTAuth - user authenticated successfully (user_id=6, path=/transaction/, method=POST)","time":"2025-11-12T14:17:21+07:00"}
{"level":"error","msg":"Invalid transaction input : invalid character '}' looking for beginning of value","time":"2025-11-12T14:17:21+07:00"}
{"level":"info","msg":"JWTAuth - user authenticated successfully (user_id=6, path=/transaction/, method=POST)","time":"2025-11-12T14:17:28+07:00"}
{"level":"error","msg":"Invalid transaction input : json: cannot unmarshal string into Go struct field Transaction.user_id of type uint","time":"2025-11-12T14:17:28+07:00"}
{"level":"info","msg":"JWTAuth - user authenticated successfully (user_id=6, path=/transaction/, method=POST)","time":"2025-11-12T14:17:39+07:00"}
{"level":"error","msg":"Invalid transaction input : json: cannot unmarshal string into Go struct field Transaction.amount of type float64","time":"2025-11-12T14:17:39+07:00"}
{"level":"info","msg":"JWTAuth - user authenticated successfully (user_id=6, path=/transaction/, method=POST)","time":"2025-11-12T14:17:50+07:00"}
{"level":"error","msg":"Invalid transaction input : json: cannot unmarshal string into Go struct field Transaction.amount of type float64","time":"2025-11-12T14:17:50+07:00"}
{"level":"info","msg":"JWTAuth - user authenticated successfully (user_id=6, path=/transaction/, method=POST)","time":"2025-11-12T14:17:58+07:00"}
{"level":"error","msg":"Error Creating Transaction","time":"2025-11-12T14:17:58+07:00"}
{"level":"error","msg":"Failed to create transaction : invalid field found for struct github.com/stevenwijaya/finance-tracker/models/transactions.Transaction's field Date: define a valid foreign key for relations or implement the Valuer/Scanner interface","time":"2025-11-12T14:17:58+07:00"}
{"level":"info","msg":"Logger initialized","time":"2025-11-12T14:24:46+07:00"}
{"level":"info","msg":"Connected to PostgreSQL Success","time":"2025-11-12T14:24:46+07:00"}
{"level":"info","msg":"JWTAuth - user authenticated successfully (user_id=6, path=/transaction/, method=POST)","time":"2025-11-12T14:24:52+07:00"}
{"level":"info","msg":"Transaction created for user : 6","time":"2025-11-12T14:24:52+07:00"}
{"level":"info","msg":"Logger initialized","time":"2025-11-12T14:40:40+07:00"}
{"level":"info","msg":"Connected to PostgreSQL Success","time":"2025-11-12T14:40:40+07:00"}
{"level":"info","msg":"Logger initialized","time":"2025-11-12T14:44:13+07:00"}
{"level":"info","msg":"Connected to PostgreSQL Success","time":"2025-11-12T14:44:13+07:00"}
{"level":"info","msg":"Logger initialized","time":"2025-11-12T14:46:40+07:00"}
{"level":"info","msg":"Connected to PostgreSQL Success","time":"2025-11-12T14:46:40+07:00"}
{"level":"info","msg":"User registered successfully:stewi2khome","time":"2025-11-12T14:47:29+07:00"}
{"level":"error","msg":"Error fetching user by username:user not found","time":"2025-11-12T14:47:33+07:00"}
{"level":"error","msg":"Login failed: user not found","time":"2025-11-12T14:47:33+07:00"}
{"level":"info","msg":"User logged in successfully:stewi2khome","time":"2025-11-12T14:47:40+07:00"}
{"level":"info","msg":"JWTAuth - user authenticated successfully (user_id=1, path=/user/profile, method=GET)","time":"2025-11-12T14:47:46+07:00"}
{"level":"info","msg":"JWTAuth - user authenticated successfully (user_id=6, path=/transaction/, method=GET)","time":"2025-11-12T14:47:50+07:00"}
{"level":"info","msg":"JWTAuth - user authenticated successfully (user_id=6, path=/transaction/, method=GET)","time":"2025-11-12T14:48:32+07:00"}
{"level":"info","msg":"JWTAuth - user authenticated successfully (user_id=6, path=/transaction/, method=POST)","time":"2025-11-12T14:52:01+07:00"}
{"level":"error","msg":"Error Creating Transaction","time":"2025-11-12T14:52:01+07:00"}
{"level":"error","msg":"Failed to create transaction : ERROR: insert or update on table \"transactions\" violates foreign key constraint \"fk_transactions_user\" (SQLSTATE 23503)","time":"2025-11-12T14:52:01+07:00"}
{"level":"info","msg":"User logged in successfully:stewi2khome","time":"2025-11-12T14:52:42+07:00"}
{"level":"info","msg":"JWTAuth - user authenticated successfully (user_id=1, path=/transaction/, method=POST)","time":"2025-11-12T14:52:48+07:00"}
{"level":"error","msg":"Error Creating Transaction","time":"2025-11-12T14:52:48+07:00"}
{"level":"error","msg":"Failed to create transaction : ERROR: insert or update on table \"transactions\" violates foreign key constraint \"fk_transactions_user\" (SQLSTATE 23503)","time":"2025-11-12T14:52:48+07:00"}
{"level":"info","msg":"JWTAuth - user authenticated successfully (user_id=1, path=/transaction/, method=GET)","time":"2025-11-12T14:52:53+07:00"}
{"level":"info","msg":"JWTAuth - user authenticated successfully (user_id=1, path=/transaction/1, method=GET)","time":"2025-11-12T14:52:58+07:00"}
{"level":"error","msg":"Transaction with id 1 by id 1 not found","time":"2025-11-12T14:52:58+07:00"}
{"level":"error","msg":"Transaction not found:record not found","time":"2025-11-12T14:52:58+07:00"}
{"level":"info","msg":"JWTAuth - user authenticated successfully (user_id=1, path=/transaction/, method=POST)","time":"2025-11-12T14:53:16+07:00"}
{"level":"error","msg":"Error Creating Transaction","time":"2025-11-12T14:53:16+07:00"}
{"level":"error","msg":"Failed to create transaction : ERROR: insert or update on table \"transactions\" violates foreign key constraint \"fk_transactions_user\" (SQLSTATE 23503)","time":"2025-11-12T14:53:16+07:00"}
{"level":"info","msg":"JWTAuth - user authenticated successfully (user_id=1, path=/user/profile, method=GET)","time":"2025-11-12T14:54:27+07:00"}
{"level":"info","msg":"Logger initialized","time":"2025-11-12T14:54:59+07:00"}
{"level":"info","msg":"Connected to PostgreSQL Success","time":"2025-11-12T14:54:59+07:00"}
{"level":"info","msg":"JWTAuth - user authenticated successfully (user_id=1, path=/transaction/, method=POST)","time":"2025-11-12T14:55:11+07:00"}
{"level":"info","msg":"DEBUG - user_id from JWT: 1","time":"2025-11-12T14:55:11+07:00"}
{"level":"error","msg":"Error Creating Transaction","time":"2025-11-12T14:55:11+07:00"}
{"level":"error","msg":"Failed to create transaction : ERROR: insert or update on table \"transactions\" violates foreign key constraint \"fk_transactions_user\" (SQLSTATE 23503)","time":"2025-11-12T14:55:11+07:00"}
{"level":"info","msg":"Logger initialized","time":"2025-11-12T15:04:48+07:00"}
{"level":"info","msg":"Connected to PostgreSQL Success","time":"2025-11-12T15:04:48+07:00"}
{"level":"info","msg":"JWTAuth - user authenticated successfully (user_id=1, path=/transaction/, method=POST)","time":"2025-11-12T15:05:02+07:00"}
{"level":"info","msg":"Transaction created for user : 1","time":"2025-11-12T15:05:02+07:00"}
{"level":"info","msg":"Logger initialized","time":"2025-11-12T15:12:58+07:00"}
{"level":"info","msg":"Connected to PostgreSQL Success","time":"2025-11-12T15:12:59+07:00"}
{"level":"info","msg":"JWTAuth - user authenticated successfully (user_id=1, path=/transaction/, method=POST)","time":"2025-11-12T15:13:59+07:00"}
{"level":"info","msg":"Transaction created for user : 1","time":"2025-11-12T15:13:59+07:00"}
{"level":"info","msg":"Logger initialized","time":"2025-11-12T15:14:35+07:00"}
{"level":"info","msg":"Connected to PostgreSQL Success","time":"2025-11-12T15:14:35+07:00"}
{"level":"info","msg":"JWTAuth - user authenticated successfully (user_id=1, path=/transaction/, method=POST)","time":"2025-11-12T15:14:42+07:00"}
{"level":"info","msg":"Transaction created for user : 1","time":"2025-11-12T15:14:42+07:00"}
{"level":"info","msg":"JWTAuth - user authenticated successfully (user_id=1, path=/transaction/, method=POST)","time":"2025-11-12T15:15:50+07:00"}
{"level":"info","msg":"Transaction created for user : 1","time":"2025-11-12T15:15:50+07:00"}
{"level":"info","msg":"JWTAuth - user authenticated successfully (user_id=1, path=/transaction/, method=GET)","time":"2025-11-12T15:15:59+07:00"}
{"level":"info","msg":"JWTAuth - user authenticated successfully (user_id=1, path=/transaction/, method=GET)","time":"2025-11-12T15:17:19+07:00"}
{"level":"info","msg":"JWTAuth - user authenticated successfully (user_id=1, path=/transaction/1, method=GET)","time":"2025-11-12T15:17:26+07:00"}
{"level":"info","msg":"Logger initialized","time":"2025-11-12T15:17:33+07:00"}
{"level":"info","msg":"Connected to PostgreSQL Success","time":"2025-11-12T15:17:33+07:00"}
{"level":"info","msg":"JWTAuth - user authenticated successfully (user_id=1, path=/transaction/1, method=GET)","time":"2025-11-12T15:17:38+07:00"}
{"level":"info","msg":"Logger initialized","time":"2025-11-12T15:21:34+07:00"}
{"level":"info","msg":"Connected to PostgreSQL Success","time":"2025-11-12T15:21:35+07:00"}
{"level":"info","msg":"JWTAuth - user authenticated successfully (user_id=1, path=/transaction/1, method=GET)","time":"2025-11-12T15:21:41+07:00"}
{"level":"info","msg":"JWTAuth - user authenticated successfully (user_id=1, path=/transaction/, method=GET)","time":"2025-11-12T15:21:45+07:00"}
{"level":"info","msg":"JWTAuth - user authenticated successfully (user_id=1, path=/transaction/1, method=PUT)","time":"2025-11-12T15:22:19+07:00"}
{"level":"info","msg":"Updated Successfully for user : 1","time":"2025-11-12T15:22:19+07:00"}
{"level":"info","msg":"Logger initialized","time":"2025-11-12T15:30:46+07:00"}
{"level":"info","msg":"Connected to PostgreSQL Success","time":"2025-11-12T15:30:47+07:00"}
{"level":"info","msg":"JWTAuth - user authenticated successfully (user_id=1, path=/transaction/1, method=PUT)","time":"2025-11-12T15:30:58+07:00"}
{"level":"error","msg":"Failed to update transaction","time":"2025-11-12T15:30:58+07:00"}
{"level":"error","msg":"Transaction udpated failed","time":"2025-11-12T15:30:58+07:00"}
{"level":"info","msg":"Logger initialized","time":"2025-11-12T15:31:26+07:00"}
{"level":"info","msg":"Connected to PostgreSQL Success","time":"2025-11-12T15:31:26+07:00"}
{"level":"info","msg":"JWTAuth - user authenticated successfully (user_id=1, path=/transaction/1, method=PUT)","time":"2025-11-12T15:31:31+07:00"}
{"level":"info","msg":"Updated Successfully for user : 1","time":"2025-11-12T15:31:31+07:00"}
{"level":"info","msg":"Logger initialized","time":"2025-11-12T15:36:27+07:00"}
{"level":"info","msg":"Connected to PostgreSQL Success","time":"2025-11-12T15:36:27+07:00"}
{"level":"info","msg":"JWTAuth - user authenticated successfully (user_id=1, path=/transaction/1, method=PUT)","time":"2025-11-12T15:36:47+07:00"}
{"level":"info","msg":"Updated Successfully for user : 1","time":"2025-11-12T15:36:47+07:00"}
{"level":"info","msg":"JWTAuth - user authenticated successfully (user_id=1, path=/transaction/, method=POST)","time":"2025-11-12T15:38:32+07:00"}
{"level":"info","msg":"Transaction created for user : 1","time":"2025-11-12T15:38:32+07:00"}
{"level":"info","msg":"JWTAuth - user authenticated successfully (user_id=1, path=/transaction/, method=GET)","time":"2025-11-12T15:38:39+07:00"}
{"level":"info","msg":"JWTAuth - user authenticated successfully (user_id=1, path=/transaction/2, method=GET)","time":"2025-11-12T15:38:51+07:00"}
{"level":"info","msg":"JWTAuth - user authenticated successfully (user_id=1, path=/transaction/3, method=GET)","time":"2025-11-12T15:38:55+07:00"}
{"level":"error","msg":"Transaction with id 3 by id 1 not found","time":"2025-11-12T15:38:55+07:00"}
{"level":"error","msg":"Transaction not found:record not found","time":"2025-11-12T15:38:55+07:00"}
{"level":"info","msg":"JWTAuth - user authenticated successfully (user_id=1, path=/transaction/, method=GET)","time":"2025-11-12T15:38:58+07:00"}
{"level":"info","msg":"Logger initialized","time":"2025-11-12T15:41:37+07:00"}
{"level":"info","msg":"Connected to PostgreSQL Success","time":"2025-11-12T15:41:37+07:00"}
{"level":"info","msg":"JWTAuth - user authenticated successfully (user_id=1, path=/transaction/1, method=PUT)","time":"2025-11-12T15:41:46+07:00"}
{"level":"info","msg":"Updated Successfully for user : 1","time":"2025-11-12T15:41:46+07:00"}
{"level":"info","msg":"Logger initialized","time":"2025-11-12T15:42:12+07:00"}
{"level":"info","msg":"Connected to PostgreSQL Success","time":"2025-11-12T15:42:12+07:00"}
{"level":"info","msg":"JWTAuth - user authenticated successfully (user_id=1, path=/transaction/1, method=PUT)","time":"2025-11-12T15:42:17+07:00"}
{"level":"info","msg":"Updated Successfully for user : 1","time":"2025-11-12T15:42:17+07:00"}
{"level":"info","msg":"JWTAuth - user authenticated successfully (user_id=1, path=/transaction/1, method=PUT)","time":"2025-11-12T15:42:29+07:00"}
{"level":"info","msg":"Updated Successfully for user : 1","time":"2025-11-12T15:42:29+07:00"}
